2019-02-20 08:52:28 -Resolving eureka endpoints via configuration
2019-02-20 08:57:32 -Resolving eureka endpoints via configuration
2019-02-20 09:02:32 -Resolving eureka endpoints via configuration
2019-02-20 09:07:32 -Resolving eureka endpoints via configuration
2019-02-20 09:12:32 -Resolving eureka endpoints via configuration
2019-02-20 09:17:32 -Resolving eureka endpoints via configuration
2019-02-20 09:22:32 -Resolving eureka endpoints via configuration
2019-02-20 09:27:32 -Resolving eureka endpoints via configuration
2019-02-20 09:32:32 -Resolving eureka endpoints via configuration
2019-02-20 09:37:32 -Resolving eureka endpoints via configuration
2019-02-20 09:42:32 -Resolving eureka endpoints via configuration
2019-02-20 09:47:32 -Resolving eureka endpoints via configuration
2019-02-20 09:52:32 -Resolving eureka endpoints via configuration
2019-02-20 09:57:32 -Resolving eureka endpoints via configuration
2019-02-20 11:22:52 -Resolving eureka endpoints via configuration
2019-02-20 11:27:52 -Resolving eureka endpoints via configuration
2019-02-20 11:32:52 -Resolving eureka endpoints via configuration
2019-02-20 11:37:52 -Resolving eureka endpoints via configuration
2019-02-20 11:49:41 -Resolving eureka endpoints via configuration
2019-02-20 11:54:41 -Resolving eureka endpoints via configuration
2019-02-20 11:59:41 -Resolving eureka endpoints via configuration
2019-02-20 12:04:41 -Resolving eureka endpoints via configuration
2019-02-20 12:29:30 -Resolving eureka endpoints via configuration
2019-02-20 12:29:30 -Request execution error
com.sun.jersey.api.client.ClientHandlerException: org.apache.http.NoHttpResponseException: localhost:8761 failed to respond
	at com.sun.jersey.client.apache4.ApacheHttpClient4Handler.handle(ApacheHttpClient4Handler.java:187)
	at com.sun.jersey.api.client.filter.GZIPContentEncodingFilter.handle(GZIPContentEncodingFilter.java:123)
	at com.netflix.discovery.EurekaIdentityHeaderFilter.handle(EurekaIdentityHeaderFilter.java:27)
	at com.sun.jersey.api.client.Client.handle(Client.java:652)
	at com.sun.jersey.api.client.WebResource.handle(WebResource.java:682)
	at com.sun.jersey.api.client.WebResource.access$200(WebResource.java:74)
	at com.sun.jersey.api.client.WebResource$Builder.put(WebResource.java:529)
	at com.netflix.discovery.shared.transport.jersey.AbstractJerseyEurekaHttpClient.sendHeartBeat(AbstractJerseyEurekaHttpClient.java:102)
	at com.netflix.discovery.shared.transport.decorator.EurekaHttpClientDecorator$3.execute(EurekaHttpClientDecorator.java:92)
	at com.netflix.discovery.shared.transport.decorator.MetricsCollectingEurekaHttpClient.execute(MetricsCollectingEurekaHttpClient.java:73)
	at com.netflix.discovery.shared.transport.decorator.EurekaHttpClientDecorator.sendHeartBeat(EurekaHttpClientDecorator.java:89)
	at com.netflix.discovery.shared.transport.decorator.EurekaHttpClientDecorator$3.execute(EurekaHttpClientDecorator.java:92)
	at com.netflix.discovery.shared.transport.decorator.RedirectingEurekaHttpClient.executeOnNewServer(RedirectingEurekaHttpClient.java:118)
	at com.netflix.discovery.shared.transport.decorator.RedirectingEurekaHttpClient.execute(RedirectingEurekaHttpClient.java:79)
	at com.netflix.discovery.shared.transport.decorator.EurekaHttpClientDecorator.sendHeartBeat(EurekaHttpClientDecorator.java:89)
	at com.netflix.discovery.shared.transport.decorator.EurekaHttpClientDecorator$3.execute(EurekaHttpClientDecorator.java:92)
	at com.netflix.discovery.shared.transport.decorator.RetryableEurekaHttpClient.execute(RetryableEurekaHttpClient.java:119)
	at com.netflix.discovery.shared.transport.decorator.EurekaHttpClientDecorator.sendHeartBeat(EurekaHttpClientDecorator.java:89)
	at com.netflix.discovery.shared.transport.decorator.EurekaHttpClientDecorator$3.execute(EurekaHttpClientDecorator.java:92)
	at com.netflix.discovery.shared.transport.decorator.SessionedEurekaHttpClient.execute(SessionedEurekaHttpClient.java:77)
	at com.netflix.discovery.shared.transport.decorator.EurekaHttpClientDecorator.sendHeartBeat(EurekaHttpClientDecorator.java:89)
	at com.netflix.discovery.DiscoveryClient.renew(DiscoveryClient.java:832)
	at com.netflix.discovery.DiscoveryClient$HeartbeatThread.run(DiscoveryClient.java:1396)
	at java.util.concurrent.Executors$RunnableAdapter.call(Unknown Source)
	at java.util.concurrent.FutureTask.run(Unknown Source)
	at java.util.concurrent.ThreadPoolExecutor.runWorker(Unknown Source)
	at java.util.concurrent.ThreadPoolExecutor$Worker.run(Unknown Source)
	at java.lang.Thread.run(Unknown Source)
Caused by: org.apache.http.NoHttpResponseException: localhost:8761 failed to respond
	at org.apache.http.impl.conn.DefaultHttpResponseParser.parseHead(DefaultHttpResponseParser.java:141)
	at org.apache.http.impl.conn.DefaultHttpResponseParser.parseHead(DefaultHttpResponseParser.java:56)
	at org.apache.http.impl.io.AbstractMessageParser.parse(AbstractMessageParser.java:259)
	at org.apache.http.impl.AbstractHttpClientConnection.receiveResponseHeader(AbstractHttpClientConnection.java:286)
	at org.apache.http.impl.conn.DefaultClientConnection.receiveResponseHeader(DefaultClientConnection.java:257)
	at org.apache.http.impl.conn.AbstractClientConnAdapter.receiveResponseHeader(AbstractClientConnAdapter.java:230)
	at org.apache.http.protocol.HttpRequestExecutor.doReceiveResponse(HttpRequestExecutor.java:273)
	at org.apache.http.protocol.HttpRequestExecutor.execute(HttpRequestExecutor.java:125)
	at org.apache.http.impl.client.DefaultRequestDirector.tryExecute(DefaultRequestDirector.java:684)
	at org.apache.http.impl.client.DefaultRequestDirector.execute(DefaultRequestDirector.java:486)
	at org.apache.http.impl.client.AbstractHttpClient.doExecute(AbstractHttpClient.java:835)
	at org.apache.http.impl.client.CloseableHttpClient.execute(CloseableHttpClient.java:118)
	at org.apache.http.impl.client.CloseableHttpClient.execute(CloseableHttpClient.java:56)
	at com.sun.jersey.client.apache4.ApacheHttpClient4Handler.handle(ApacheHttpClient4Handler.java:173)
	... 27 common frames omitted
2019-02-20 12:29:30 -Request execution failure
2019-02-20 12:29:30 -DiscoveryClient_FASTWAVE-SERVICE-ADMIN/fastwave-service-admin:10.101.43.171:8764 - was unable to send heartbeat!
com.netflix.discovery.shared.transport.TransportException: Cannot execute request on any known server
	at com.netflix.discovery.shared.transport.decorator.RetryableEurekaHttpClient.execute(RetryableEurekaHttpClient.java:111)
	at com.netflix.discovery.shared.transport.decorator.EurekaHttpClientDecorator.sendHeartBeat(EurekaHttpClientDecorator.java:89)
	at com.netflix.discovery.shared.transport.decorator.EurekaHttpClientDecorator$3.execute(EurekaHttpClientDecorator.java:92)
	at com.netflix.discovery.shared.transport.decorator.SessionedEurekaHttpClient.execute(SessionedEurekaHttpClient.java:77)
	at com.netflix.discovery.shared.transport.decorator.EurekaHttpClientDecorator.sendHeartBeat(EurekaHttpClientDecorator.java:89)
	at com.netflix.discovery.DiscoveryClient.renew(DiscoveryClient.java:832)
	at com.netflix.discovery.DiscoveryClient$HeartbeatThread.run(DiscoveryClient.java:1396)
	at java.util.concurrent.Executors$RunnableAdapter.call(Unknown Source)
	at java.util.concurrent.FutureTask.run(Unknown Source)
	at java.util.concurrent.ThreadPoolExecutor.runWorker(Unknown Source)
	at java.util.concurrent.ThreadPoolExecutor$Worker.run(Unknown Source)
	at java.lang.Thread.run(Unknown Source)
2019-02-20 12:34:30 -Resolving eureka endpoints via configuration
2019-02-20 12:39:30 -Resolving eureka endpoints via configuration
2019-02-20 12:44:30 -Resolving eureka endpoints via configuration
2019-02-20 13:01:22 -Resolving eureka endpoints via configuration
2019-02-20 13:06:22 -Resolving eureka endpoints via configuration
2019-02-20 13:11:22 -Resolving eureka endpoints via configuration
2019-02-20 13:16:22 -Resolving eureka endpoints via configuration
2019-02-20 13:21:22 -Resolving eureka endpoints via configuration
2019-02-20 13:26:22 -Resolving eureka endpoints via configuration
2019-02-20 13:31:22 -Resolving eureka endpoints via configuration
2019-02-20 14:37:01 -Resolving eureka endpoints via configuration
2019-02-20 14:42:01 -Resolving eureka endpoints via configuration
2019-02-20 14:47:01 -Resolving eureka endpoints via configuration
2019-02-20 14:52:00 -Application shutdown requested.
2019-02-20 14:52:00 -Closing org.springframework.boot.context.embedded.AnnotationConfigEmbeddedWebApplicationContext@42a9a63e: startup date [Tue Feb 19 17:56:22 CST 2019]; parent: org.springframework.context.annotation.AnnotationConfigApplicationContext@33990a0c
2019-02-20 14:52:00 -Unregistering application fastwave-service-admin with eureka with status DOWN
2019-02-20 14:52:00 -Saw local status change event StatusChangeEvent [timestamp=1550645520851, current=DOWN, previous=UP]
2019-02-20 14:52:00 -Shutting down DiscoveryClient ...
2019-02-20 14:52:00 -Unregistering ...
2019-02-20 14:52:00 -DiscoveryClient_FASTWAVE-SERVICE-ADMIN/fastwave-service-admin:10.101.43.171:8764 - deregister  status: 200
2019-02-20 14:52:00 -Health check failed
org.springframework.jdbc.CannotGetJdbcConnectionException: Could not get JDBC Connection; nested exception is java.sql.SQLException: interrupt
	at org.springframework.jdbc.datasource.DataSourceUtils.getConnection(DataSourceUtils.java:80)
	at org.springframework.jdbc.core.JdbcTemplate.execute(JdbcTemplate.java:342)
	at org.springframework.boot.actuate.health.DataSourceHealthIndicator.getProduct(DataSourceHealthIndicator.java:123)
	at org.springframework.boot.actuate.health.DataSourceHealthIndicator.doDataSourceHealthCheck(DataSourceHealthIndicator.java:105)
	at org.springframework.boot.actuate.health.DataSourceHealthIndicator.doHealthCheck(DataSourceHealthIndicator.java:100)
	at org.springframework.boot.actuate.health.AbstractHealthIndicator.health(AbstractHealthIndicator.java:43)
	at org.springframework.boot.actuate.health.CompositeHealthIndicator.health(CompositeHealthIndicator.java:68)
	at org.springframework.cloud.netflix.eureka.EurekaHealthCheckHandler.getHealthStatus(EurekaHealthCheckHandler.java:103)
	at org.springframework.cloud.netflix.eureka.EurekaHealthCheckHandler.getStatus(EurekaHealthCheckHandler.java:99)
	at com.netflix.discovery.DiscoveryClient.refreshInstanceInfo(DiscoveryClient.java:1379)
	at com.netflix.discovery.InstanceInfoReplicator.run(InstanceInfoReplicator.java:100)
	at com.netflix.discovery.InstanceInfoReplicator$1.run(InstanceInfoReplicator.java:88)
	at java.util.concurrent.Executors$RunnableAdapter.call(Unknown Source)
	at java.util.concurrent.FutureTask.run(Unknown Source)
	at java.util.concurrent.ScheduledThreadPoolExecutor$ScheduledFutureTask.access$201(Unknown Source)
	at java.util.concurrent.ScheduledThreadPoolExecutor$ScheduledFutureTask.run(Unknown Source)
	at java.util.concurrent.ThreadPoolExecutor.runWorker(Unknown Source)
	at java.util.concurrent.ThreadPoolExecutor$Worker.run(Unknown Source)
	at java.lang.Thread.run(Unknown Source)
Caused by: java.sql.SQLException: interrupt
	at com.alibaba.druid.pool.DruidDataSource.getConnectionInternal(DruidDataSource.java:1196)
	at com.alibaba.druid.pool.DruidDataSource.getConnectionDirect(DruidDataSource.java:1084)
	at com.alibaba.druid.filter.FilterChainImpl.dataSource_connect(FilterChainImpl.java:4544)
	at com.alibaba.druid.filter.logging.LogFilter.dataSource_getConnection(LogFilter.java:854)
	at com.alibaba.druid.filter.FilterChainImpl.dataSource_connect(FilterChainImpl.java:4540)
	at com.alibaba.druid.filter.FilterAdapter.dataSource_getConnection(FilterAdapter.java:2723)
	at com.alibaba.druid.filter.FilterChainImpl.dataSource_connect(FilterChainImpl.java:4540)
	at com.alibaba.druid.filter.stat.StatFilter.dataSource_getConnection(StatFilter.java:661)
	at com.alibaba.druid.filter.FilterChainImpl.dataSource_connect(FilterChainImpl.java:4540)
	at com.alibaba.druid.pool.DruidDataSource.getConnection(DruidDataSource.java:1062)
	at com.alibaba.druid.pool.DruidDataSource.getConnection(DruidDataSource.java:1054)
	at com.alibaba.druid.pool.DruidDataSource.getConnection(DruidDataSource.java:104)
	at org.springframework.jdbc.datasource.DataSourceUtils.doGetConnection(DataSourceUtils.java:111)
	at org.springframework.jdbc.datasource.DataSourceUtils.getConnection(DataSourceUtils.java:77)
	... 18 common frames omitted
Caused by: java.lang.InterruptedException: null
	at java.util.concurrent.locks.AbstractQueuedSynchronizer.acquireInterruptibly(Unknown Source)
	at java.util.concurrent.locks.ReentrantLock.lockInterruptibly(Unknown Source)
	at com.alibaba.druid.pool.DruidDataSource.getConnectionInternal(DruidDataSource.java:1193)
	... 31 common frames omitted
2019-02-20 14:52:00 -DiscoveryClient_FASTWAVE-SERVICE-ADMIN/fastwave-service-admin:10.101.43.171:8764: registering service...
2019-02-20 14:52:00 -Completed shut down of DiscoveryClient
2019-02-20 14:52:00 -Stopping beans in phase 0
2019-02-20 14:52:00 -DiscoveryClient_FASTWAVE-SERVICE-ADMIN/fastwave-service-admin:10.101.43.171:8764 - registration status: 204
2019-02-20 14:52:00 -Unregistering JMX-exposed beans on shutdown
2019-02-20 14:52:00 -Unregistering JMX-exposed beans
2019-02-20 14:52:00 -Unregistering JMX-exposed beans on shutdown
2019-02-20 14:52:00 -Unregistering JMX-exposed beans
2019-02-20 14:52:00 -{dataSource-1} closed
2019-02-20 14:52:00 -Pausing ProtocolHandler ["http-nio-8764"]
2019-02-20 14:52:00 -Stopping service [Tomcat]
2019-02-20 14:52:00 -Destroying Spring FrameworkServlet 'dispatcherServlet'
2019-02-20 14:52:00 -Stopping ProtocolHandler ["http-nio-8764"]
2019-02-20 14:52:00 -Destroying ProtocolHandler ["http-nio-8764"]
